<?xml version="1.0" encoding="UTF-8"?>
<!-- Generated by org.testng.reporters.JUnitXMLReporter -->
<testsuite ignored="0" hostname="DESKTOP-QTKG04N" failures="0" tests="3" name="Default test" time="11.846" errors="0" timestamp="2024-02-19T16:21:52 IST">
  <testcase classname="testng.Annotations" name="Setup" time="9.867"/>
  <testcase classname="testng.Annotations" name="Login" time="1.77"/>
  <testcase classname="testng.Annotations" name="TearDown" time="0.165"/>
</testsuite> <!-- Default test -->
