<?xml version="1.0" encoding="UTF-8"?>
<testng-results ignored="0" total="3" passed="3" failed="0" skipped="0">
  <reporter-output>
  </reporter-output>
  <suite started-at="2024-02-19T16:21:40 IST" name="Default suite" finished-at="2024-02-19T16:21:52 IST" duration-ms="11846">
    <groups>
    </groups>
    <test started-at="2024-02-19T16:21:40 IST" name="Default test" finished-at="2024-02-19T16:21:52 IST" duration-ms="11846">
      <class name="testng.Annotations">
        <test-method signature="Setup()[pri:0, instance:testng.Annotations@31368b99]" started-at="2024-02-19T16:21:40 IST" name="Setup" finished-at="2024-02-19T16:21:50 IST" duration-ms="9867" status="PASS">
          <reporter-output>
          </reporter-output>
        </test-method> <!-- Setup -->
        <test-method signature="Login()[pri:2, instance:testng.Annotations@31368b99]" started-at="2024-02-19T16:21:50 IST" name="Login" finished-at="2024-02-19T16:21:52 IST" duration-ms="1770" status="PASS">
          <reporter-output>
          </reporter-output>
        </test-method> <!-- Login -->
        <test-method signature="TearDown()[pri:3, instance:testng.Annotations@31368b99]" started-at="2024-02-19T16:21:52 IST" name="TearDown" finished-at="2024-02-19T16:21:52 IST" duration-ms="165" status="PASS">
          <reporter-output>
          </reporter-output>
        </test-method> <!-- TearDown -->
      </class> <!-- testng.Annotations -->
    </test> <!-- Default test -->
  </suite> <!-- Default suite -->
</testng-results>
